{"/Users/guojianli/Documents/xiumubai/tes-lib/src/components/DomAsync/index.tsx": {"path":"/Users/guojianli/Documents/xiumubai/tes-lib/src/components/DomAsync/index.tsx","statementMap":{"0":{"start":{"line":5,"column":36},"end":{"line":24,"column":1}},"1":{"start":{"line":6,"column":26},"end":{"line":6,"column":38}},"2":{"start":{"line":8,"column":25},"end":{"line":10,"column":12}},"3":{"start":{"line":9,"column":4},"end":{"line":9,"column":44}},"4":{"start":{"line":12,"column":2},"end":{"line":16,"column":9}},"5":{"start":{"line":13,"column":4},"end":{"line":15,"column":12}},"6":{"start":{"line":14,"column":6},"end":{"line":14,"column":39}},"7":{"start":{"line":18,"column":2},"end":{"line":23,"column":4}}},"fnMap":{"0":{"name":"(anonymous_0)","decl":{"start":{"line":5,"column":36},"end":{"line":5,"column":37}},"loc":{"start":{"line":5,"column":44},"end":{"line":24,"column":1}},"line":5},"1":{"name":"(anonymous_1)","decl":{"start":{"line":8,"column":33},"end":{"line":8,"column":34}},"loc":{"start":{"line":8,"column":39},"end":{"line":10,"column":3}},"line":8},"2":{"name":"(anonymous_2)","decl":{"start":{"line":12,"column":12},"end":{"line":12,"column":13}},"loc":{"start":{"line":12,"column":18},"end":{"line":16,"column":3}},"line":12},"3":{"name":"(anonymous_3)","decl":{"start":{"line":13,"column":15},"end":{"line":13,"column":16}},"loc":{"start":{"line":13,"column":21},"end":{"line":15,"column":5}},"line":13}},"branchMap":{"0":{"loc":{"start":{"line":21,"column":7},"end":{"line":21,"column":42}},"type":"binary-expr","locations":[{"start":{"line":21,"column":7},"end":{"line":21,"column":21}},{"start":{"line":21,"column":25},"end":{"line":21,"column":42}}],"line":21}},"s":{"0":1,"1":2,"2":2,"3":2,"4":2,"5":1,"6":1,"7":2},"f":{"0":2,"1":2,"2":1,"3":1},"b":{"0":[2,1]},"_coverageSchema":"1a1c01bbd47fc00a2c39e90264f33305004495a9","hash":"3cdce987a5665e5f62aa88007d1086fbe507e4f0"}
}
